<?xml version="1.0" encoding="UTF-8"?>
<testsuite xmlns:xsi="http://www.w3.org/2001/XMLSchema-instance" xsi:noNamespaceSchemaLocation="https://maven.apache.org/surefire/maven-surefire-plugin/xsd/surefire-test-report.xsd" version="3.0.2" name="TestSuite" time="2.496" tests="44" errors="0" skipped="0" failures="0">
  <properties>
[...]
</properties>
  <testcase name="testAddMultipleSurvivors" classname="ru.sportmaster.testng.AddSurvivor" time="0.285">
    <system-out><![CDATA[2025-02-25 16:59:06 DEBUG org.testng.TestNG - suiteXmlPath: "C:\Users\DPinegina\IdeaProjects\courseWork2\src\test\resources\regress.xml"
]]></system-out>
  </testcase>
  <testcase name="testAddNullSurvivor" classname="ru.sportmaster.testng.AddSurvivor" time="0.015"/>
  <testcase name="testAddSurvivor" classname="ru.sportmaster.testng.AddSurvivor" time="0.0"/>
  <testcase name="testAddNullSurvivor" classname="ru.sportmaster.testng.AddSurvivorNull" time="0.0"/>
  <testcase name="testCalculateFoodDays_EnoughFood" classname="ru.sportmaster.testng.CalculateFoodDays" time="0.016"/>
  <testcase name="testCalculateFoodDays_NoFood" classname="ru.sportmaster.testng.CalculateFoodDays" time="0.006"/>
  <testcase name="testCollectMultiplyResources_WithScavengers" classname="ru.sportmaster.testng.CollectMultiplyResources" time="0.0"/>
  <testcase name="testCollectMultiplyResources_WithWorkers" classname="ru.sportmaster.testng.CollectMultiplyResourcesCertainScavengers" time="0.016"/>
  <testcase name="testCollectResources_WithScavengers" classname="ru.sportmaster.testng.CollectResources" time="0.0"/>
  <testcase name="testCollectResources_WithWorkers" classname="ru.sportmaster.testng.CollectResourcesCertainScavengers" time="0.015"/>
  <testcase name="testGenerateRandomCity_EmptyCity" classname="ru.sportmaster.testng.GenerateRandomCity" time="0.069"/>
  <testcase name="testGenerateRandomCity_MultipleSurvivors" classname="ru.sportmaster.testng.GenerateRandomCity" time="0.148"/>
  <testcase name="testGenerateRandomCity_SingleSurvivor" classname="ru.sportmaster.testng.GenerateRandomCity" time="0.0"/>
  <testcase name="testGenerateRandomCity_SurvivorsAreValid" classname="ru.sportmaster.testng.GenerateRandomCity" time="0.015"/>
  <testcase name="testGenerateRandomResources_MultipleCalls" classname="ru.sportmaster.testng.GenerateRandomResources" time="0.016"/>
  <testcase name="testGenerateRandomResources_ResourcesAreGenerated" classname="ru.sportmaster.testng.GenerateRandomResources" time="0.015"/>
  <testcase name="testGenerateRandomSurvivor_AgeIsValid" classname="ru.sportmaster.testng.GenerateRandomSurvivor" time="0.0"/>
  <testcase name="testGenerateRandomSurvivor_NameIsValid" classname="ru.sportmaster.testng.GenerateRandomSurvivor" time="0.007"/>
  <testcase name="testGenerateRandomSurvivor_RoleIsValid" classname="ru.sportmaster.testng.GenerateRandomSurvivor" time="0.0"/>
  <testcase name="checkGetAllMedic" classname="ru.sportmaster.testng.GetAllMedic" time="0.0"/>
  <testcase name="checkGetAllMedicNoMedic" classname="ru.sportmaster.testng.GetAllMedic" time="0.0"/>
  <testcase name="checkGetAllMedicFromEmptyList" classname="ru.sportmaster.testng.GetAllMedicEmpty" time="0.0"/>
  <testcase name="checkGetAllSoldier" classname="ru.sportmaster.testng.GetAllSoldier" time="0.0"/>
  <testcase name="checkGetAllSoldierNoSoldier" classname="ru.sportmaster.testng.GetAllSoldier" time="0.015"/>
  <testcase name="checkGetAllSoldierFromEmptyList" classname="ru.sportmaster.testng.GetAllSoldierEmpty" time="0.0"/>
  <testcase name="checkGetAllWorker" classname="ru.sportmaster.testng.GetAllWorker" time="0.0"/>
  <testcase name="checkGetAllWorkerNoWorker" classname="ru.sportmaster.testng.GetAllWorker" time="0.0"/>
  <testcase name="checkGetAllWorkerFromEmptyList" classname="ru.sportmaster.testng.GetAllWorkerEmpty" time="0.0"/>
  <testcase name="testGetResourceWithLowestStock_AllResourcesEqual" classname="ru.sportmaster.testng.GetResourceWithLowestStock" time="0.0"/>
  <testcase name="testGetResourceWithLowestStock_CustomResources" classname="ru.sportmaster.testng.GetResourceWithLowestStock" time="0.0"/>
  <testcase name="testGetResourceWithLowestStock_MultipleResources" classname="ru.sportmaster.testng.GetResourceWithLowestStock" time="0.016"/>
  <testcase name="testGetResourceWithLowestStock_SingleResource" classname="ru.sportmaster.testng.GetResourceWithLowestStock" time="0.0"/>
  <testcase name="checkOldestSurvivor" classname="ru.sportmaster.testng.OldestSurvivor" time="0.0"/>
  <testcase name="checkOldestSurvivorEmptyList" classname="ru.sportmaster.testng.OldestSurvivor" time="0.015"/>
  <testcase name="checkOldestSurvivorSingleSurvivor" classname="ru.sportmaster.testng.OldestSurvivor" time="0.0"/>
  <testcase name="testGetResourcesReport_EmptyResources" classname="ru.sportmaster.testng.ReportResources" time="0.0"/>
  <testcase name="testGetResourcesReport_MultipleResources" classname="ru.sportmaster.testng.ReportResources" time="0.0"/>
  <testcase name="testGetResourcesReport_SingleResource" classname="ru.sportmaster.testng.ReportResources" time="0.016"/>
  <testcase name="checkYoungestSurvivor[[LcourseWork2.Survivor;@1002d1c8, Survivor{name=&apos;Alex Russo&apos;, age=3}](1)" classname="ru.sportmaster.testng.YoungestSurvivor" time="0.038"/>
  <testcase name="checkYoungestSurvivor[[LcourseWork2.Survivor;@7c8f803d, Survivor{name=&apos;Jane Smith&apos;, age=10}](2)" classname="ru.sportmaster.testng.YoungestSurvivor" time="0.0"/>
  <testcase name="checkYoungestSurvivor[[LcourseWork2.Survivor;@52963839, Survivor{name=&apos;Baby&apos;, age=0}](3)" classname="ru.sportmaster.testng.YoungestSurvivor" time="0.015"/>
  <testcase name="checkYoungestSurvivor[[LcourseWork2.Survivor;@1734b1a, Survivor{name=&apos;Alex Russo&apos;, age=25}](4)" classname="ru.sportmaster.testng.YoungestSurvivor" time="0.0"/>
  <testcase name="checkYoungestSurvivorEmptyList" classname="ru.sportmaster.testng.YoungestSurvivor" time="0.0"/>
  <testcase name="checkYoungestSurvivorSingleSurvivor" classname="ru.sportmaster.testng.YoungestSurvivor" time="0.016"/>
</testsuite>