<?xml version="1.0" encoding="UTF-8"?>
<!-- Generated by org.testng.reporters.JUnitXMLReporter -->
<testsuite ignored="0" hostname="DPINEGINA-NB" failures="0" tests="44" name="Регресс" time="1.018" errors="0" timestamp="2025-02-25T16:59:08 MSK">
  <testcase classname="ru.sportmaster.testng.AddSurvivor" name="testAddMultipleSurvivors" time="0.269"/>
  <testcase classname="ru.sportmaster.testng.AddSurvivor" name="testAddNullSurvivor" time="0.0"/>
  <testcase classname="ru.sportmaster.testng.AddSurvivor" name="testAddSurvivor" time="0.0"/>
  <testcase classname="ru.sportmaster.testng.AddSurvivorNull" name="testAddNullSurvivor" time="0.0"/>
  <testcase classname="ru.sportmaster.testng.CalculateFoodDays" name="testCalculateFoodDays_EnoughFood" time="0.0"/>
  <testcase classname="ru.sportmaster.testng.CalculateFoodDays" name="testCalculateFoodDays_NoFood" time="0.0"/>
  <testcase classname="ru.sportmaster.testng.CollectMultiplyResources" name="testCollectMultiplyResources_WithScavengers" time="0.0"/>
  <testcase classname="ru.sportmaster.testng.CollectMultiplyResourcesCertainScavengers" name="testCollectMultiplyResources_WithWorkers" time="0.016"/>
  <testcase classname="ru.sportmaster.testng.CollectResources" name="testCollectResources_WithScavengers" time="0.0"/>
  <testcase classname="ru.sportmaster.testng.CollectResourcesCertainScavengers" name="testCollectResources_WithWorkers" time="0.0"/>
  <testcase classname="ru.sportmaster.testng.GenerateRandomCity" name="testGenerateRandomCity_EmptyCity" time="0.063"/>
  <testcase classname="ru.sportmaster.testng.GenerateRandomCity" name="testGenerateRandomCity_MultipleSurvivors" time="0.148"/>
  <testcase classname="ru.sportmaster.testng.GenerateRandomCity" name="testGenerateRandomCity_SingleSurvivor" time="0.0"/>
  <testcase classname="ru.sportmaster.testng.GenerateRandomCity" name="testGenerateRandomCity_SurvivorsAreValid" time="0.015"/>
  <testcase classname="ru.sportmaster.testng.GenerateRandomResources" name="testGenerateRandomResources_MultipleCalls" time="0.016"/>
  <testcase classname="ru.sportmaster.testng.GenerateRandomResources" name="testGenerateRandomResources_ResourcesAreGenerated" time="0.0"/>
  <testcase classname="ru.sportmaster.testng.GenerateRandomSurvivor" name="testGenerateRandomSurvivor_AgeIsValid" time="0.0"/>
  <testcase classname="ru.sportmaster.testng.GenerateRandomSurvivor" name="testGenerateRandomSurvivor_NameIsValid" time="0.007"/>
  <testcase classname="ru.sportmaster.testng.GenerateRandomSurvivor" name="testGenerateRandomSurvivor_RoleIsValid" time="0.0"/>
  <testcase classname="ru.sportmaster.testng.GetAllMedic" name="checkGetAllMedic" time="0.0"/>
  <testcase classname="ru.sportmaster.testng.GetAllMedic" name="checkGetAllMedicNoMedic" time="0.0"/>
  <testcase classname="ru.sportmaster.testng.GetAllMedicEmpty" name="checkGetAllMedicFromEmptyList" time="0.0"/>
  <testcase classname="ru.sportmaster.testng.GetAllSoldier" name="checkGetAllSoldier" time="0.0"/>
  <testcase classname="ru.sportmaster.testng.GetAllSoldier" name="checkGetAllSoldierNoSoldier" time="0.0"/>
  <testcase classname="ru.sportmaster.testng.GetAllSoldierEmpty" name="checkGetAllSoldierFromEmptyList" time="0.0"/>
  <testcase classname="ru.sportmaster.testng.GetAllWorker" name="checkGetAllWorker" time="0.0"/>
  <testcase classname="ru.sportmaster.testng.GetAllWorker" name="checkGetAllWorkerNoWorker" time="0.0"/>
  <testcase classname="ru.sportmaster.testng.GetAllWorkerEmpty" name="checkGetAllWorkerFromEmptyList" time="0.0"/>
  <testcase classname="ru.sportmaster.testng.GetResourceWithLowestStock" name="testGetResourceWithLowestStock_AllResourcesEqual" time="0.0"/>
  <testcase classname="ru.sportmaster.testng.GetResourceWithLowestStock" name="testGetResourceWithLowestStock_CustomResources" time="0.0"/>
  <testcase classname="ru.sportmaster.testng.GetResourceWithLowestStock" name="testGetResourceWithLowestStock_MultipleResources" time="0.016"/>
  <testcase classname="ru.sportmaster.testng.GetResourceWithLowestStock" name="testGetResourceWithLowestStock_SingleResource" time="0.0"/>
  <testcase classname="ru.sportmaster.testng.OldestSurvivor" name="checkOldestSurvivor" time="0.0"/>
  <testcase classname="ru.sportmaster.testng.OldestSurvivor" name="checkOldestSurvivorEmptyList" time="0.0"/>
  <testcase classname="ru.sportmaster.testng.OldestSurvivor" name="checkOldestSurvivorSingleSurvivor" time="0.0"/>
  <testcase classname="ru.sportmaster.testng.ReportResources" name="testGetResourcesReport_EmptyResources" time="0.0"/>
  <testcase classname="ru.sportmaster.testng.ReportResources" name="testGetResourcesReport_MultipleResources" time="0.0"/>
  <testcase classname="ru.sportmaster.testng.ReportResources" name="testGetResourcesReport_SingleResource" time="0.0"/>
  <testcase classname="ru.sportmaster.testng.YoungestSurvivor" name="checkYoungestSurvivor" time="0.038"/>
  <testcase classname="ru.sportmaster.testng.YoungestSurvivor" name="checkYoungestSurvivor" time="0.0"/>
  <testcase classname="ru.sportmaster.testng.YoungestSurvivor" name="checkYoungestSurvivor" time="0.0"/>
  <testcase classname="ru.sportmaster.testng.YoungestSurvivor" name="checkYoungestSurvivor" time="0.0"/>
  <testcase classname="ru.sportmaster.testng.YoungestSurvivor" name="checkYoungestSurvivorEmptyList" time="0.0"/>
  <testcase classname="ru.sportmaster.testng.YoungestSurvivor" name="checkYoungestSurvivorSingleSurvivor" time="0.016"/>
</testsuite> <!-- Регресс -->
